<?xml version="1.0" encoding="UTF-8"?>
<!-- Generated by org.testng.reporters.JUnitReportReporter -->
<testsuite hostname="DESKTOP-I4OONNF" failures="0" tests="1" name="com.backbase.qa.regression.ComputerDBTest" time="1.427" errors="0" timestamp="26 Mar 2019 11:33:58 GMT">
  <testcase classname="com.backbase.qa.regression.ComputerDBTest" name="test" time="1.427"/>
</testsuite> <!-- com.backbase.qa.regression.ComputerDBTest -->
